<?xml version="1.0" encoding="UTF-8"?>
<!-- Generated by org.testng.reporters.JUnitReportReporter -->
<testsuite hostname="Pruthvi" failures="0" tests="1" name="com.test01.B2cAppTest" time="0.020" errors="0" timestamp="2024-06-13T17:21:09 IST" skipped="0">
  <testcase classname="com.test01.B2cAppTest" name="testlogin1" time="0.020"/>
</testsuite> <!-- com.test01.B2cAppTest -->
